\BOOKMARK [1][-]{section.1}{Introduction}{}% 1
\BOOKMARK [1][-]{section.2}{Equilibrium Molecular Dynamics \(EMD\) for Estimating Transport Properties}{}% 2
\BOOKMARK [1][-]{section.3}{Checklist}{}% 3
\BOOKMARK [1][-]{section.4}{General transport checklist items}{}% 4
\BOOKMARK [2][-]{subsection.4.1}{General transport: Simulation set-up}{section.4}% 5
\BOOKMARK [3][-]{subsubsection.4.1.1}{Correct Ensemble}{subsection.4.1}% 6
\BOOKMARK [3][-]{subsubsection.4.1.2}{Replicate simulations}{subsection.4.1}% 7
\BOOKMARK [2][-]{subsection.4.2}{General transport: Post-simulation analysis}{section.4}% 8
\BOOKMARK [3][-]{subsubsection.4.2.1}{Improved precision}{subsection.4.2}% 9
\BOOKMARK [3][-]{subsubsection.4.2.2}{Clear communication}{subsection.4.2}% 10
\BOOKMARK [3][-]{subsubsection.4.2.3}{Uncertainty quantification}{subsection.4.2}% 11
\BOOKMARK [2][-]{subsection.4.3}{General transport: Common pitfalls}{section.4}% 12
\BOOKMARK [1][-]{section.5}{Self-Diffusivity}{}% 13
\BOOKMARK [2][-]{subsection.5.1}{Self-Diffusivity: General}{section.5}% 14
\BOOKMARK [3][-]{subsubsection.5.1.1}{Data analysis}{subsection.5.1}% 15
\BOOKMARK [3][-]{subsubsection.5.1.2}{Finite size effects}{subsection.5.1}% 16
\BOOKMARK [2][-]{subsection.5.2}{Self-Diffusivity: Einstein}{section.5}% 17
\BOOKMARK [3][-]{subsubsection.5.2.1}{Output frequency}{subsection.5.2}% 18
\BOOKMARK [3][-]{subsubsection.5.2.2}{Simulation length}{subsection.5.2}% 19
\BOOKMARK [3][-]{subsubsection.5.2.3}{Data analysis}{subsection.5.2}% 20
\BOOKMARK [2][-]{subsection.5.3}{Self-Diffusivity: Green-Kubo}{section.5}% 21
\BOOKMARK [3][-]{subsubsection.5.3.1}{Output frequency}{subsection.5.3}% 22
\BOOKMARK [3][-]{subsubsection.5.3.2}{Simulation length}{subsection.5.3}% 23
\BOOKMARK [3][-]{subsubsection.5.3.3}{Data analysis}{subsection.5.3}% 24
\BOOKMARK [2][-]{subsection.5.4}{Self-Diffusivity: Special topics}{section.5}% 25
\BOOKMARK [1][-]{section.6}{Viscosity}{}% 26
\BOOKMARK [2][-]{subsection.6.1}{Viscosity: General}{section.6}% 27
\BOOKMARK [3][-]{subsubsection.6.1.1}{Simulation length}{subsection.6.1}% 28
\BOOKMARK [3][-]{subsubsection.6.1.2}{Output frequency}{subsection.6.1}% 29
\BOOKMARK [3][-]{subsubsection.6.1.3}{Finite size effects}{subsection.6.1}% 30
\BOOKMARK [3][-]{subsubsection.6.1.4}{Improved precision}{subsection.6.1}% 31
\BOOKMARK [2][-]{subsection.6.2}{Viscosity: Green-Kubo}{section.6}% 32
\BOOKMARK [3][-]{subsubsection.6.2.1}{Data analysis}{subsection.6.2}% 33
\BOOKMARK [2][-]{subsection.6.3}{Viscosity: Einstein}{section.6}% 34
\BOOKMARK [3][-]{subsubsection.6.3.1}{Data analysis}{subsection.6.3}% 35
\BOOKMARK [2][-]{subsection.6.4}{Viscosity: Special topics}{section.6}% 36
\BOOKMARK [1][-]{section.7}{Conclusions}{}% 37
\BOOKMARK [1][-]{section.8}{Acknowledgments}{}% 38
