\BOOKMARK [1][-]{section*.1}{Outline}{}% 1
\BOOKMARK [1][-]{section*.2}{Introduction}{}% 2
\BOOKMARK [1][-]{section*.3}{Equilibrium Molecular Dynamics \(EMD\) Routes to Transport Properties \(Level 1 heading\)}{}% 3
\BOOKMARK [2][-]{subsection*.4}{Checklist for Equilibrium Einstein Approach for Self-Diffusivity}{section*.3}% 4
\BOOKMARK [2][-]{subsection*.5}{Equilibrium Green-Kubo Approach for Self-Diffusivity}{section*.3}% 5
\BOOKMARK [2][-]{subsection*.6}{Checklist for Equilibrium Green-Kubo Approach for Viscosity}{section*.3}% 6
\BOOKMARK [2][-]{subsection*.7}{Equilibrium Einstein Approach for Viscosity}{section*.3}% 7
\BOOKMARK [1][-]{section*.8}{Non-Equilibrium Molecular Dynamics \(EMD\) Routes to Transport Properties}{}% 8
\BOOKMARK [1][-]{section*.9}{Non-Equilibrium SLLOD Approach for Viscosity}{}% 9
\BOOKMARK [1][-]{section*.10}{Reverse Non-Equilibrium Approach for Viscosity}{}% 10
\BOOKMARK [1][-]{section*.11}{Thermal Conductivity}{}% 11
\BOOKMARK [1][-]{section*.12}{Ionic Conductivity}{}% 12
\BOOKMARK [1][-]{section*.13}{Transport Diffusivity}{}% 13
\BOOKMARK [1][-]{section*.14}{Other things...}{}% 14
\BOOKMARK [1][-]{section*.16}{Methods and Materials}{}% 15
\BOOKMARK [1][-]{section*.17}{Some LaTeX Examples}{}% 16
\BOOKMARK [2][-]{subsection*.18}{Figures and Tables}{section*.17}% 17
\BOOKMARK [2][-]{subsection*.21}{Citations}{section*.17}% 18
\BOOKMARK [2][-]{subsection*.23}{Mathematics}{section*.17}% 19
\BOOKMARK [2][-]{subsection*.25}{Other Chemistry Niceties}{section*.17}% 20
\BOOKMARK [2][-]{subsection*.26}{Lists}{section*.17}% 21
\BOOKMARK [1][-]{section*.27}{Acknowledgments}{}% 22
\BOOKMARK [1][-]{section*.28}{Firstly}{}% 23
\BOOKMARK [1][-]{section*.29}{Secondly}{}% 24
